[INFO] Scanning for projects...
[INFO] ------------------------------------------------------------------------
[INFO] Reactor Build Order:
[INFO]
[INFO] Folia Phantom                                                      [pom]
[INFO] Folia Phantom Core                                                 [jar]
[INFO] Folia Phantom CLI                                                  [jar]
[INFO] Folia Phantom Plugin                                               [jar]
[INFO] folia-phantom-gui                                                  [jar]
[INFO]
[INFO] ----------------< com.patch.foliaphantom:folia-phantom >----------------
[INFO] Building Folia Phantom 1.0.0                                       [1/5]
[INFO]   from pom.xml
[INFO] --------------------------------[ pom ]---------------------------------
[INFO]
[INFO] --- clean:3.2.0:clean (default-clean) @ folia-phantom ---
[INFO]
[INFO] --- install:3.1.2:install (default-install) @ folia-phantom ---
[INFO] Installing /app/folia-phantom/pom.xml to /home/jules/.m2/repository/com/patch/foliaphantom/folia-phantom/1.0.0/folia-phantom-1.0.0.pom
[INFO]
[INFO] -------------< com.patch.foliaphantom:folia-phantom-core >--------------
[INFO] Building Folia Phantom Core 1.0.0                                  [2/5]
[INFO]   from folia-phantom-core/pom.xml
[INFO] --------------------------------[ jar ]---------------------------------
[INFO]
[INFO] --- clean:3.2.0:clean (default-clean) @ folia-phantom-core ---
[INFO] Deleting /app/folia-phantom/folia-phantom-core/target
[INFO]
[INFO] --- resources:3.3.1:resources (default-resources) @ folia-phantom-core ---
[INFO] skip non existing resourceDirectory /app/folia-phantom/folia-phantom-core/src/main/resources
[INFO]
[INFO] --- compiler:3.13.0:compile (default-compile) @ folia-phantom-core ---
[INFO] Recompiling the module because of changed source code.
[INFO] Compiling 21 source files with javac [debug target 17] to target/classes
[INFO] Annotation processing is enabled because one or more processors were found
  on the class path. A future release of javac may disable annotation processing
  unless at least one processor is specified by name (-processor), or a search
  path is specified (--processor-path, --processor-module-path), or annotation
  processing is enabled explicitly (-proc:only, -proc:full).
  Use -Xlint:-options to suppress this message.
  Use -proc:none to disable annotation processing.
[INFO] /app/folia-phantom/folia-phantom-core/src/main/java/com/patch/foliaphantom/core/patcher/FoliaPatcher.java: /app/folia-phantom/folia-phantom-core/src/main/java/com/patch/foliaphantom/core/patcher/FoliaPatcher.java uses or overrides a deprecated API.
[INFO] /app/folia-phantom/folia-phantom-core/src/main/java/com/patch/foliaphantom/core/patcher/FoliaPatcher.java: Recompile with -Xlint:deprecation for details.
[INFO] -------------------------------------------------------------
[WARNING] COMPILATION WARNING :
[INFO] -------------------------------------------------------------
[WARNING] system modules path not set in conjunction with -source 17
[INFO] 1 warning
[INFO] -------------------------------------------------------------
[INFO] -------------------------------------------------------------
[ERROR] COMPILATION ERROR :
[INFO] -------------------------------------------------------------
[ERROR] /app/folia-phantom/folia-phantom-core/src/main/java/com/patch/foliaphantom/core/patcher/FoliaPatcher.java:[1810,41] cannot find symbol
  symbol:   method getPlugin()
  location: variable player of type org.bukkit.entity.Player
[INFO] 1 error
[INFO] -------------------------------------------------------------
[INFO] ------------------------------------------------------------------------
[INFO] Reactor Summary for Folia Phantom 1.0.0:
[INFO]
[INFO] Folia Phantom ...................................... SUCCESS [  0.335 s]
[INFO] Folia Phantom Core ................................. FAILURE [  2.752 s]
[INFO] Folia Phantom CLI .................................. SKIPPED
[INFO] Folia Phantom Plugin ............................... SKIPPED
[INFO] folia-phantom-gui .................................. SKIPPED
[INFO] ------------------------------------------------------------------------
[INFO] BUILD FAILURE
[INFO] ------------------------------------------------------------------------
[INFO] Total time:  3.262 s
[INFO] Finished at: 2026-01-18T12:07:19Z
[INFO] ------------------------------------------------------------------------
[ERROR] Failed to execute goal org.apache.maven.plugins:maven-compiler-plugin:3.13.0:compile (default-compile) on project folia-phantom-core: Compilation failure
[ERROR] /app/folia-phantom/folia-phantom-core/src/main/java/com/patch/foliaphantom/core/patcher/FoliaPatcher.java:[1810,41] cannot find symbol
[ERROR]   symbol:   method getPlugin()
[ERROR]   location: variable player of type org.bukkit.entity.Player
[ERROR]
[ERROR] -> [Help 1]
[ERROR]
[ERROR] To see the full stack trace of the errors, re-run Maven with the -e switch.
[ERROR] Re-run Maven using the -X switch to enable full debug logging.
[ERROR]
[ERROR] For more information about the errors and possible solutions, please read the following articles:
[ERROR] [Help 1] http://cwiki.apache.org/confluence/display/MAVEN/MojoFailureException
[ERROR]
[ERROR] After correcting the problems, you can resume the build with the command
[ERROR]   mvn <args> -rf :folia-phantom-core
